<?xml version="1.0" encoding="UTF-8"?>
<!-- Generated by org.testng.reporters.JUnitReportReporter -->
<testsuite hostname="KatonovV" name="fleamarket.test.CreateAdTest" tests="1" failures="0" timestamp="1 Nov 2014 09:13:56 GMT" time="11.331" errors="0">
  <testcase name="readParams" time="11.331" classname="fleamarket.test.CreateAdTest"/>
</testsuite> <!-- fleamarket.test.CreateAdTest -->
