<?xml version="1.0" encoding="UTF-8"?>
<!-- Generated by org.testng.reporters.JUnitReportReporter -->
<testsuite hostname="KatonovV" name="fleamarket.test.RegisterAccountTest" tests="1" failures="0" timestamp="23 Sep 2014 16:25:57 GMT" time="0.028" errors="0">
  <testcase name="readParams" time="0.028" classname="fleamarket.test.RegisterAccountTest"/>
</testsuite> <!-- fleamarket.test.RegisterAccountTest -->
