<?xml version="1.0" encoding="UTF-8"?>
<!-- Generated by org.testng.reporters.JUnitReportReporter -->
<testsuite hostname="KatonovV" name="fleamarket.test.LogInTest" tests="1" failures="0" timestamp="2 Oct 2014 20:09:35 GMT" time="8.094" errors="0">
  <testcase name="readParams" time="8.094" classname="fleamarket.test.LogInTest"/>
</testsuite> <!-- fleamarket.test.LogInTest -->
