<?xml version="1.0" encoding="UTF-8"?>
<!-- Generated by org.testng.reporters.JUnitReportReporter -->
<testsuite hostname="KatonovV" name="fleamarket.test.CloseAdTest" tests="1" failures="0" timestamp="1 Nov 2014 09:48:04 GMT" time="33.892" errors="0">
  <testcase name="readParams" time="33.892" classname="fleamarket.test.CloseAdTest"/>
</testsuite> <!-- fleamarket.test.CloseAdTest -->
